<?xml version="1.0" encoding="UTF-8"?>
<testng-results skipped="0" failed="0" ignored="0" total="1" passed="1">
  <reporter-output>
  </reporter-output>
  <suite name="Default suite" duration-ms="5778" started-at="2022-11-15T17:37:12 IST" finished-at="2022-11-15T17:37:18 IST">
    <groups>
    </groups>
    <test name="Default test" duration-ms="5778" started-at="2022-11-15T17:37:12 IST" finished-at="2022-11-15T17:37:18 IST">
      <class name="testngassertion.de">
        <test-method status="PASS" signature="ha()[pri:0, instance:testngassertion.de@8b87145]" name="ha" duration-ms="5746" started-at="2022-11-15T17:37:12 IST" finished-at="2022-11-15T17:37:18 IST">
          <reporter-output>
          </reporter-output>
        </test-method> <!-- ha -->
      </class> <!-- testngassertion.de -->
    </test> <!-- Default test -->
  </suite> <!-- Default suite -->
</testng-results>
